<?xml version="1.0" encoding="UTF-8"?>
<robot generator="Robot 7.1.1 (Python 3.12.3 on linux)" generated="2024-11-18T20:57:01.881291" rpa="false" schemaversion="5">
<suite id="s1" name="Tests" source="/home/juha/webcounter/src/tests">
<suite id="s1-s1" name="Increment" source="/home/juha/webcounter/src/tests/increment.robot">
<kw name="Open And Configure Browser" owner="resource" type="SETUP">
<if>
<branch type="IF" condition="$BROWSER == 'chrome'">
<kw name="Evaluate" owner="BuiltIn">
<msg time="2024-11-18T20:57:01.965739" level="INFO">${options} = &lt;selenium.webdriver.chrome.options.Options object at 0x7a6e8366a8a0&gt;</msg>
<var>${options}</var>
<arg>sys.modules['selenium.webdriver'].ChromeOptions()</arg>
<arg>sys</arg>
<doc>Evaluates the given expression in Python and returns the result.</doc>
<status status="PASS" start="2024-11-18T20:57:01.965476" elapsed="0.000296"/>
</kw>
<status status="PASS" start="2024-11-18T20:57:01.965060" elapsed="0.000777"/>
</branch>
<branch type="ELSE IF" condition="$BROWSER == 'firefox'">
<kw name="Evaluate" owner="BuiltIn">
<var>${options}</var>
<arg>sys.modules['selenium.webdriver'].FirefoxOptions()</arg>
<arg>sys</arg>
<doc>Evaluates the given expression in Python and returns the result.</doc>
<status status="NOT RUN" start="2024-11-18T20:57:01.965950" elapsed="0.000017"/>
</kw>
<status status="NOT RUN" start="2024-11-18T20:57:01.965875" elapsed="0.000123"/>
</branch>
<status status="PASS" start="2024-11-18T20:57:01.965040" elapsed="0.000980"/>
</if>
<if>
<branch type="IF" condition="$HEADLESS == 'true'">
<kw name="Set Selenium Speed" owner="SeleniumLibrary">
<arg>0</arg>
<doc>Sets the delay that is waited after each Selenium command.</doc>
<status status="NOT RUN" start="2024-11-18T20:57:01.966189" elapsed="0.000084"/>
</kw>
<kw name="Call Method" owner="BuiltIn">
<arg>${options}</arg>
<arg>add_argument</arg>
<arg>--headless</arg>
<doc>Calls the named method of the given object with the provided arguments.</doc>
<status status="NOT RUN" start="2024-11-18T20:57:01.966337" elapsed="0.000020"/>
</kw>
<status status="NOT RUN" start="2024-11-18T20:57:01.966067" elapsed="0.000320"/>
</branch>
<branch type="ELSE">
<kw name="Set Selenium Speed" owner="SeleniumLibrary">
<arg>${DELAY}</arg>
<doc>Sets the delay that is waited after each Selenium command.</doc>
<status status="PASS" start="2024-11-18T20:57:01.966462" elapsed="0.000160"/>
</kw>
<status status="PASS" start="2024-11-18T20:57:01.966408" elapsed="0.000245"/>
</branch>
<status status="PASS" start="2024-11-18T20:57:01.966050" elapsed="0.000624"/>
</if>
<kw name="Open Browser" owner="SeleniumLibrary">
<msg time="2024-11-18T20:57:01.966940" level="INFO">Opening browser 'chrome' to base url 'None'.</msg>
<arg>browser=${BROWSER}</arg>
<arg>options=${options}</arg>
<doc>Opens a new browser instance to the optional ``url``.</doc>
<status status="PASS" start="2024-11-18T20:57:01.966761" elapsed="0.407621"/>
</kw>
<status status="PASS" start="2024-11-18T20:57:01.964891" elapsed="0.409707"/>
</kw>
<test id="s1-s1-t1" name="At start the counter is zero" line="7">
<kw name="Go To" owner="SeleniumLibrary">
<msg time="2024-11-18T20:57:02.375586" level="INFO">Opening url 'http://localhost:5001'</msg>
<arg>${HOME_URL}</arg>
<doc>Navigates the current browser window to the provided ``url``.</doc>
<status status="PASS" start="2024-11-18T20:57:02.375360" elapsed="0.548700"/>
</kw>
<kw name="Title Should Be" owner="SeleniumLibrary">
<msg time="2024-11-18T20:57:03.432219" level="INFO">Page title is 'Laskuri'.</msg>
<arg>Laskuri</arg>
<doc>Verifies that the current page title equals ``title``.</doc>
<status status="PASS" start="2024-11-18T20:57:02.924682" elapsed="0.507798"/>
</kw>
<kw name="Page Should Contain" owner="SeleniumLibrary">
<msg time="2024-11-18T20:57:04.450982" level="INFO">Current page contains text 'nappia painettu 0 kertaa'.</msg>
<arg>nappia painettu 0 kertaa</arg>
<doc>Verifies that current page contains ``text``.</doc>
<status status="PASS" start="2024-11-18T20:57:03.433110" elapsed="1.018036"/>
</kw>
<status status="PASS" start="2024-11-18T20:57:02.374762" elapsed="2.076713"/>
</test>
<test id="s1-s1-t2" name="When button pressed twice the counter is two" line="12">
<kw name="Go To" owner="SeleniumLibrary">
<msg time="2024-11-18T20:57:04.452409" level="INFO">Opening url 'http://localhost:5001'</msg>
<arg>${HOME_URL}</arg>
<doc>Navigates the current browser window to the provided ``url``.</doc>
<status status="PASS" start="2024-11-18T20:57:04.452207" elapsed="0.516009"/>
</kw>
<kw name="Click Button" owner="SeleniumLibrary">
<msg time="2024-11-18T20:57:04.969452" level="INFO">Clicking button 'Paina'.</msg>
<arg>Paina</arg>
<doc>Clicks the button identified by ``locator``.</doc>
<status status="PASS" start="2024-11-18T20:57:04.968864" elapsed="1.580141"/>
</kw>
<kw name="Click Button" owner="SeleniumLibrary">
<msg time="2024-11-18T20:57:06.549840" level="INFO">Clicking button 'Paina'.</msg>
<arg>Paina</arg>
<doc>Clicks the button identified by ``locator``.</doc>
<status status="PASS" start="2024-11-18T20:57:06.549509" elapsed="1.566675"/>
</kw>
<kw name="Page Should Contain" owner="SeleniumLibrary">
<msg time="2024-11-18T20:57:09.134084" level="INFO">Current page contains text 'nappia painettu 2 kertaa'.</msg>
<arg>nappia painettu 2 kertaa</arg>
<doc>Verifies that current page contains ``text``.</doc>
<status status="PASS" start="2024-11-18T20:57:08.116830" elapsed="1.017510"/>
</kw>
<status status="PASS" start="2024-11-18T20:57:04.451817" elapsed="4.683047"/>
</test>
<kw name="Close Browser" owner="SeleniumLibrary" type="TEARDOWN">
<doc>Closes the current browser.</doc>
<status status="PASS" start="2024-11-18T20:57:09.135665" elapsed="0.576776"/>
</kw>
<status status="PASS" start="2024-11-18T20:57:01.895943" elapsed="7.816570"/>
</suite>
<status status="PASS" start="2024-11-18T20:57:01.881867" elapsed="7.831174"/>
</suite>
<statistics>
<total>
<stat pass="2" fail="0" skip="0">All Tests</stat>
</total>
<tag>
</tag>
<suite>
<stat pass="2" fail="0" skip="0" id="s1" name="Tests">Tests</stat>
<stat pass="2" fail="0" skip="0" id="s1-s1" name="Increment">Tests.Increment</stat>
</suite>
</statistics>
<errors>
</errors>
</robot>
